cl : командная строка warning D9025: переопределение "/sdl" на "/GS-"
  main.c
C:\Users\mbks\Documents\GitHub\mbks4\payload\payload\main.c(317,50): warning C4133: функция: несовместимые типы - из "const LPWSTR" в "unsigned short *"
C:\Users\mbks\Documents\GitHub\mbks4\payload\payload\main.c(320,67): warning C4133: функция: несовместимые типы - из "LPSTR" в "char *"
C:\Users\mbks\Documents\GitHub\mbks4\payload\payload\main.c(323,67): warning C4133: функция: несовместимые типы - из "LPSTR" в "char *"
C:\Users\mbks\Documents\GitHub\mbks4\payload\payload\main.c(326,67): warning C4133: функция: несовместимые типы - из "LPSTR" в "char *"
C:\Users\mbks\Documents\GitHub\mbks4\payload\payload\main.c(339,38): warning C4090: функция: разные квалификаторы "const"
C:\Users\mbks\Documents\GitHub\mbks4\payload\payload\main.c(344,20): warning C4013: fopen: нет определения; предполагается "extern" с возвратом типа "int"
C:\Users\mbks\Documents\GitHub\mbks4\payload\payload\main.c(350,9): warning C4013: fputs: нет определения; предполагается "extern" с возвратом типа "int"
C:\Users\mbks\Documents\GitHub\mbks4\payload\payload\main.c(351,9): warning C4013: fputc: нет определения; предполагается "extern" с возвратом типа "int"
C:\Users\mbks\Documents\GitHub\mbks4\payload\payload\main.c(356,8): warning C4013: fclose: нет определения; предполагается "extern" с возвратом типа "int"
C:\Users\mbks\Documents\GitHub\mbks4\payload\payload\main.c(344,1): warning C4047: инициализация: "FILE *" отличается по уровням косвенного обращения от "int"
C:\Users\mbks\Documents\GitHub\mbks4\payload\payload\main.c(364,8): warning C4013: fwrite: нет определения; предполагается "extern" с возвратом типа "int"
C:\Users\mbks\Documents\GitHub\mbks4\payload\payload\main.c(375,7): warning C4013: fread: нет определения; предполагается "extern" с возвратом типа "int"
C:\Users\mbks\Documents\GitHub\mbks4\payload\payload\main.c(363,1): warning C4047: инициализация: "FILE *" отличается по уровням косвенного обращения от "int"
C:\Users\mbks\Documents\GitHub\mbks4\payload\payload\main.c(371,1): warning C4047: инициализация: "FILE *" отличается по уровням косвенного обращения от "int"
C:\Users\mbks\Documents\GitHub\mbks4\payload\payload\main.c(372,1): warning C4047: инициализация: "FILE *" отличается по уровням косвенного обращения от "int"
  Создание кода
  1 of 6 functions (16.7%) were compiled, the rest were copied from previous compilation.
    0 functions were new in current compilation
    1 functions had inline decision re-evaluated but remain unchanged
  Создание кода завершено
  payload.vcxproj -> C:\Users\mbks\Documents\GitHub\mbks4\payload\Release\payload.exe
